TN:
SF:js\components\charts.js
FN:18,renderCharts
FN:23,(anonymous_1)
FN:32,(anonymous_2)
FN:33,(anonymous_3)
FN:43,(anonymous_4)
FN:58,renderViewsChart
FN:63,(anonymous_6)
FN:64,(anonymous_7)
FN:65,(anonymous_8)
FN:95,(anonymous_9)
FN:128,renderEngagementChart
FN:133,(anonymous_11)
FN:136,(anonymous_12)
FN:137,(anonymous_13)
FN:138,(anonymous_14)
FN:179,(anonymous_15)
FN:213,renderPlatformDistributionChart
FN:219,(anonymous_17)
FN:223,(anonymous_18)
FN:263,updateChartStyles
FN:287,updateChartAxesColors
FN:310,updateChartLegendColors
FN:321,getPlatformColor
FN:338,isDarkMode
FN:348,truncateText
FN:359,normalizeUrl
FNF:26
FNH:0
FNDA:0,renderCharts
FNDA:0,(anonymous_1)
FNDA:0,(anonymous_2)
FNDA:0,(anonymous_3)
FNDA:0,(anonymous_4)
FNDA:0,renderViewsChart
FNDA:0,(anonymous_6)
FNDA:0,(anonymous_7)
FNDA:0,(anonymous_8)
FNDA:0,(anonymous_9)
FNDA:0,renderEngagementChart
FNDA:0,(anonymous_11)
FNDA:0,(anonymous_12)
FNDA:0,(anonymous_13)
FNDA:0,(anonymous_14)
FNDA:0,(anonymous_15)
FNDA:0,renderPlatformDistributionChart
FNDA:0,(anonymous_17)
FNDA:0,(anonymous_18)
FNDA:0,updateChartStyles
FNDA:0,updateChartAxesColors
FNDA:0,updateChartLegendColors
FNDA:0,getPlatformColor
FNDA:0,isDarkMode
FNDA:0,truncateText
FNDA:0,normalizeUrl
DA:9,1
DA:10,1
DA:11,1
DA:19,0
DA:22,0
DA:23,0
DA:24,0
DA:26,0
DA:31,0
DA:32,0
DA:33,0
DA:34,0
DA:35,0
DA:43,0
DA:46,0
DA:47,0
DA:48,0
DA:51,0
DA:59,0
DA:62,0
DA:63,0
DA:64,0
DA:65,0
DA:68,0
DA:69,0
DA:73,0
DA:96,0
DA:129,0
DA:132,0
DA:133,0
DA:136,0
DA:137,0
DA:138,0
DA:141,0
DA:142,0
DA:146,0
DA:180,0
DA:181,0
DA:214,0
DA:217,0
DA:219,0
DA:220,0
DA:223,0
DA:224,0
DA:225,0
DA:228,0
DA:229,0
DA:233,0
DA:264,0
DA:266,0
DA:267,0
DA:268,0
DA:271,0
DA:272,0
DA:273,0
DA:276,0
DA:277,0
DA:278,0
DA:289,0
DA:290,0
DA:291,0
DA:294,0
DA:295,0
DA:296,0
DA:300,0
DA:301,0
DA:311,0
DA:312,0
DA:322,0
DA:324,0
DA:326,0
DA:328,0
DA:330,0
DA:339,0
DA:349,0
DA:350,0
DA:351,0
DA:360,0
DA:361,0
DA:363,0
DA:364,0
DA:365,0
DA:366,0
DA:367,0
DA:368,0
DA:370,0
DA:371,0
DA:374,0
LF:88
LH:3
BRDA:19,0,0,0
BRDA:19,0,1,0
BRDA:19,1,0,0
BRDA:19,1,1,0
BRDA:19,1,2,0
BRDA:24,2,0,0
BRDA:24,2,1,0
BRDA:24,3,0,0
BRDA:24,3,1,0
BRDA:34,4,0,0
BRDA:34,4,1,0
BRDA:68,5,0,0
BRDA:68,5,1,0
BRDA:105,6,0,0
BRDA:105,6,1,0
BRDA:108,7,0,0
BRDA:108,7,1,0
BRDA:116,8,0,0
BRDA:116,8,1,0
BRDA:141,9,0,0
BRDA:141,9,1,0
BRDA:174,10,0,0
BRDA:174,10,1,0
BRDA:180,11,0,0
BRDA:180,11,1,0
BRDA:189,12,0,0
BRDA:189,12,1,0
BRDA:192,13,0,0
BRDA:192,13,1,0
BRDA:198,14,0,0
BRDA:198,14,1,0
BRDA:201,15,0,0
BRDA:201,15,1,0
BRDA:220,16,0,0
BRDA:220,16,1,0
BRDA:228,17,0,0
BRDA:228,17,1,0
BRDA:251,18,0,0
BRDA:251,18,1,0
BRDA:266,19,0,0
BRDA:266,19,1,0
BRDA:271,20,0,0
BRDA:271,20,1,0
BRDA:276,21,0,0
BRDA:276,21,1,0
BRDA:289,22,0,0
BRDA:289,22,1,0
BRDA:290,23,0,0
BRDA:290,23,1,0
BRDA:291,24,0,0
BRDA:291,24,1,0
BRDA:294,25,0,0
BRDA:294,25,1,0
BRDA:295,26,0,0
BRDA:295,26,1,0
BRDA:296,27,0,0
BRDA:296,27,1,0
BRDA:300,28,0,0
BRDA:300,28,1,0
BRDA:300,29,0,0
BRDA:300,29,1,0
BRDA:301,30,0,0
BRDA:301,30,1,0
BRDA:311,31,0,0
BRDA:311,31,1,0
BRDA:311,32,0,0
BRDA:311,32,1,0
BRDA:312,33,0,0
BRDA:312,33,1,0
BRDA:322,34,0,0
BRDA:322,34,1,0
BRDA:322,34,2,0
BRDA:322,34,3,0
BRDA:349,35,0,0
BRDA:349,35,1,0
BRDA:350,36,0,0
BRDA:350,36,1,0
BRF:77
BRH:0
end_of_record
TN:
SF:js\components\dashboard.js
FN:26,loadDashboard
FN:79,setupDOMReferences
FN:103,setupEventListeners
FN:118,(anonymous_3)
FN:142,setupCollapsibleSections
FN:148,(anonymous_5)
FN:160,(anonymous_6)
FN:172,(anonymous_7)
FN:203,renderContentItems
FN:219,(anonymous_9)
FN:293,(anonymous_10)
FN:299,(anonymous_11)
FN:310,(anonymous_12)
FN:335,renderEngagementData
FN:354,(anonymous_14)
FN:361,(anonymous_15)
FN:364,(anonymous_16)
FN:449,updateStats
FN:465,(anonymous_18)
FN:473,(anonymous_19)
FN:474,(anonymous_20)
FN:485,(anonymous_21)
FN:502,refreshData
FN:538,deleteContent
FN:541,(anonymous_24)
FN:546,(anonymous_25)
FN:550,(anonymous_26)
FN:553,(anonymous_27)
FN:554,(anonymous_28)
FN:578,handleContentFormSubmit
FN:594,(anonymous_30)
FN:676,updateUrlPlaceholder
FN:698,checkForDuplicateUrl
FN:713,(anonymous_33)
FN:726,fetchContentInfo
FN:734,showContentDetails
FN:741,rebuildUrlContentMap
FN:743,(anonymous_37)
FN:753,generateId
FN:761,handleContractFormSubmit
FNF:40
FNH:2
FNDA:1,loadDashboard
FNDA:1,setupDOMReferences
FNDA:0,setupEventListeners
FNDA:0,(anonymous_3)
FNDA:0,setupCollapsibleSections
FNDA:0,(anonymous_5)
FNDA:0,(anonymous_6)
FNDA:0,(anonymous_7)
FNDA:0,renderContentItems
FNDA:0,(anonymous_9)
FNDA:0,(anonymous_10)
FNDA:0,(anonymous_11)
FNDA:0,(anonymous_12)
FNDA:0,renderEngagementData
FNDA:0,(anonymous_14)
FNDA:0,(anonymous_15)
FNDA:0,(anonymous_16)
FNDA:0,updateStats
FNDA:0,(anonymous_18)
FNDA:0,(anonymous_19)
FNDA:0,(anonymous_20)
FNDA:0,(anonymous_21)
FNDA:0,refreshData
FNDA:0,deleteContent
FNDA:0,(anonymous_24)
FNDA:0,(anonymous_25)
FNDA:0,(anonymous_26)
FNDA:0,(anonymous_27)
FNDA:0,(anonymous_28)
FNDA:0,handleContentFormSubmit
FNDA:0,(anonymous_30)
FNDA:0,updateUrlPlaceholder
FNDA:0,checkForDuplicateUrl
FNDA:0,(anonymous_33)
FNDA:0,fetchContentInfo
FNDA:0,showContentDetails
FNDA:0,rebuildUrlContentMap
FNDA:0,(anonymous_37)
FNDA:0,generateId
FNDA:0,handleContractFormSubmit
DA:12,1
DA:13,1
DA:14,1
DA:27,1
DA:29,1
DA:31,1
DA:34,1
DA:35,1
DA:36,1
DA:37,0
DA:39,0
DA:42,0
DA:45,0
DA:46,0
DA:47,0
DA:49,0
DA:53,0
DA:54,0
DA:55,0
DA:56,0
DA:59,0
DA:60,0
DA:61,0
DA:63,0
DA:67,0
DA:68,0
DA:70,0
DA:72,1
DA:80,1
DA:81,1
DA:82,1
DA:83,1
DA:84,1
DA:85,1
DA:88,1
DA:89,1
DA:90,1
DA:91,1
DA:92,1
DA:94,1
DA:96,0
DA:105,0
DA:106,0
DA:107,0
DA:108,0
DA:109,0
DA:112,0
DA:113,0
DA:114,0
DA:115,0
DA:118,0
DA:119,0
DA:122,0
DA:123,0
DA:124,0
DA:125,0
DA:127,0
DA:130,0
DA:133,0
DA:134,0
DA:135,0
DA:144,0
DA:145,0
DA:146,0
DA:148,0
DA:149,0
DA:150,0
DA:152,0
DA:156,0
DA:157,0
DA:158,0
DA:160,0
DA:161,0
DA:162,0
DA:164,0
DA:168,0
DA:169,0
DA:170,0
DA:172,0
DA:173,0
DA:174,0
DA:176,0
DA:180,0
DA:181,0
DA:182,0
DA:184,0
DA:185,0
DA:186,0
DA:189,0
DA:190,0
DA:191,0
DA:194,0
DA:195,0
DA:196,0
DA:204,0
DA:205,0
DA:206,0
DA:209,0
DA:210,0
DA:212,0
DA:213,0
DA:214,0
DA:217,0
DA:219,0
DA:220,0
DA:222,0
DA:223,0
DA:226,0
DA:227,0
DA:228,0
DA:229,0
DA:232,0
DA:233,0
DA:234,0
DA:235,0
DA:236,0
DA:239,0
DA:240,0
DA:241,0
DA:242,0
DA:245,0
DA:246,0
DA:249,0
DA:250,0
DA:251,0
DA:252,0
DA:253,0
DA:255,0
DA:256,0
DA:257,0
DA:258,0
DA:260,0
DA:263,0
DA:265,0
DA:266,0
DA:267,0
DA:269,0
DA:270,0
DA:271,0
DA:273,0
DA:274,0
DA:277,0
DA:278,0
DA:279,0
DA:280,0
DA:281,0
DA:282,0
DA:284,0
DA:286,0
DA:287,0
DA:289,0
DA:290,0
DA:291,0
DA:292,0
DA:293,0
DA:295,0
DA:296,0
DA:297,0
DA:298,0
DA:299,0
DA:300,0
DA:301,0
DA:302,0
DA:303,0
DA:306,0
DA:307,0
DA:308,0
DA:309,0
DA:310,0
DA:312,0
DA:313,0
DA:314,0
DA:316,0
DA:317,0
DA:318,0
DA:319,0
DA:320,0
DA:321,0
DA:323,0
DA:327,0
DA:328,0
DA:336,0
DA:337,0
DA:338,0
DA:341,0
DA:342,0
DA:344,0
DA:345,0
DA:346,0
DA:349,0
DA:353,0
DA:354,0
DA:355,0
DA:357,0
DA:361,0
DA:364,0
DA:365,0
DA:367,0
DA:369,0
DA:370,0
DA:371,0
DA:373,0
DA:374,0
DA:375,0
DA:376,0
DA:379,0
DA:380,0
DA:381,0
DA:382,0
DA:383,0
DA:384,0
DA:386,0
DA:389,0
DA:391,0
DA:392,0
DA:393,0
DA:396,0
DA:397,0
DA:399,0
DA:401,0
DA:408,0
DA:411,0
DA:413,0
DA:414,0
DA:417,0
DA:418,0
DA:419,0
DA:421,0
DA:422,0
DA:423,0
DA:425,0
DA:426,0
DA:427,0
DA:429,0
DA:430,0
DA:431,0
DA:432,0
DA:433,0
DA:434,0
DA:435,0
DA:437,0
DA:441,0
DA:442,0
DA:450,0
DA:451,0
DA:452,0
DA:453,0
DA:457,0
DA:460,0
DA:461,0
DA:464,0
DA:465,0
DA:466,0
DA:468,0
DA:473,0
DA:474,0
DA:475,0
DA:477,0
DA:479,0
DA:482,0
DA:485,0
DA:486,0
DA:488,0
DA:489,0
DA:491,0
DA:495,0
DA:503,0
DA:504,0
DA:505,0
DA:508,0
DA:509,0
DA:511,0
DA:512,0
DA:513,0
DA:514,0
DA:516,0
DA:517,0
DA:518,0
DA:519,0
DA:520,0
DA:522,0
DA:524,0
DA:525,0
DA:527,0
DA:528,0
DA:529,0
DA:530,0
DA:539,0
DA:541,0
DA:542,0
DA:545,0
DA:546,0
DA:548,0
DA:550,0
DA:553,0
DA:554,0
DA:557,0
DA:561,0
DA:562,0
DA:565,0
DA:566,0
DA:567,0
DA:568,0
DA:570,0
DA:579,0
DA:581,0
DA:582,0
DA:583,0
DA:584,0
DA:585,0
DA:588,0
DA:591,0
DA:592,0
DA:594,0
DA:596,0
DA:598,0
DA:599,0
DA:600,0
DA:603,0
DA:604,0
DA:608,0
DA:611,0
DA:612,0
DA:613,0
DA:614,0
DA:616,0
DA:620,0
DA:621,0
DA:622,0
DA:624,0
DA:628,0
DA:631,0
DA:634,0
DA:648,0
DA:651,0
DA:654,0
DA:657,0
DA:660,0
DA:661,0
DA:662,0
DA:663,0
DA:666,0
DA:667,0
DA:668,0
DA:670,0
DA:677,0
DA:678,0
DA:680,0
DA:682,0
DA:683,0
DA:685,0
DA:686,0
DA:688,0
DA:689,0
DA:691,0
DA:699,0
DA:700,0
DA:701,0
DA:703,0
DA:705,0
DA:706,0
DA:708,0
DA:710,0
DA:713,0
DA:714,0
DA:715,0
DA:719,0
DA:742,0
DA:743,0
DA:744,0
DA:745,0
DA:754,0
DA:762,0
DA:764,0
DA:765,0
DA:766,0
DA:769,0
DA:770,0
DA:771,0
DA:772,0
DA:773,0
DA:774,0
DA:777,0
DA:778,0
DA:779,0
DA:780,0
DA:784,0
DA:785,0
DA:786,0
DA:787,0
DA:788,0
DA:792,0
DA:805,0
DA:806,0
DA:809,0
DA:812,0
DA:815,0
DA:816,0
DA:819,0
DA:822,0
DA:824,0
DA:825,0
DA:826,0
DA:827,0
LF:404
LH:22
BRDA:36,0,0,0
BRDA:36,0,1,0
BRDA:37,1,0,0
BRDA:37,1,1,0
BRDA:46,2,0,0
BRDA:46,2,1,0
BRDA:88,3,0,1
BRDA:88,3,1,0
BRDA:89,4,0,1
BRDA:89,4,1,0
BRDA:90,5,0,1
BRDA:90,5,1,0
BRDA:91,6,0,1
BRDA:91,6,1,0
BRDA:92,7,0,1
BRDA:92,7,1,0
BRDA:124,8,0,0
BRDA:124,8,1,0
BRDA:134,9,0,0
BRDA:134,9,1,0
BRDA:184,10,0,0
BRDA:184,10,1,0
BRDA:189,11,0,0
BRDA:189,11,1,0
BRDA:194,12,0,0
BRDA:194,12,1,0
BRDA:204,13,0,0
BRDA:204,13,1,0
BRDA:212,14,0,0
BRDA:212,14,1,0
BRDA:212,15,0,0
BRDA:212,15,1,0
BRDA:232,16,0,0
BRDA:232,16,1,0
BRDA:245,17,0,0
BRDA:245,17,1,0
BRDA:249,18,0,0
BRDA:249,18,1,0
BRDA:255,19,0,0
BRDA:255,19,1,0
BRDA:257,20,0,0
BRDA:257,20,1,0
BRDA:336,21,0,0
BRDA:336,21,1,0
BRDA:344,22,0,0
BRDA:344,22,1,0
BRDA:344,23,0,0
BRDA:344,23,1,0
BRDA:355,24,0,0
BRDA:355,24,1,0
BRDA:355,25,0,0
BRDA:355,25,1,0
BRDA:365,26,0,0
BRDA:365,26,1,0
BRDA:379,27,0,0
BRDA:379,27,1,0
BRDA:381,28,0,0
BRDA:381,28,1,0
BRDA:383,29,0,0
BRDA:383,29,1,0
BRDA:399,30,0,0
BRDA:399,30,1,0
BRDA:451,31,0,0
BRDA:451,31,1,0
BRDA:451,32,0,0
BRDA:451,32,1,0
BRDA:451,32,2,0
BRDA:457,33,0,0
BRDA:457,33,1,0
BRDA:466,34,0,0
BRDA:466,34,1,0
BRDA:466,35,0,0
BRDA:466,35,1,0
BRDA:475,36,0,0
BRDA:475,36,1,0
BRDA:479,37,0,0
BRDA:479,37,1,0
BRDA:486,38,0,0
BRDA:486,38,1,0
BRDA:488,39,0,0
BRDA:488,39,1,0
BRDA:488,40,0,0
BRDA:488,40,1,0
BRDA:503,41,0,0
BRDA:503,41,1,0
BRDA:539,42,0,0
BRDA:539,42,1,0
BRDA:542,43,0,0
BRDA:542,43,1,0
BRDA:548,44,0,0
BRDA:548,44,1,0
BRDA:592,45,0,0
BRDA:592,45,1,0
BRDA:596,46,0,0
BRDA:596,46,1,0
BRDA:603,47,0,0
BRDA:603,47,1,0
BRDA:631,48,0,0
BRDA:631,48,1,0
BRDA:637,49,0,0
BRDA:637,49,1,0
BRDA:680,50,0,0
BRDA:680,50,1,0
BRDA:680,50,2,0
BRDA:680,50,3,0
BRDA:703,51,0,0
BRDA:703,51,1,0
BRDA:708,52,0,0
BRDA:708,52,1,0
BRDA:714,53,0,0
BRDA:714,53,1,0
BRDA:777,54,0,0
BRDA:777,54,1,0
BRDA:777,55,0,0
BRDA:777,55,1,0
BRDA:777,55,2,0
BRDA:777,55,3,0
BRDA:777,55,4,0
BRDA:777,55,5,0
BRDA:785,56,0,0
BRDA:785,56,1,0
BRDA:805,57,0,0
BRDA:805,57,1,0
BRDA:806,58,0,0
BRDA:806,58,1,0
BRDA:826,59,0,0
BRDA:826,59,1,0
BRF:127
BRH:5
end_of_record
TN:
SF:js\modules\api.js
FN:14,fetchYouTubeContentInfo
FN:58,fetchYouTubeEngagement
FN:109,simulateYouTubeEngagement
FN:129,fetchServiceNowContentInfo
FN:135,(anonymous_4)
FN:149,fetchServiceNowEngagement
FN:162,(anonymous_6)
FN:178,simulateServiceNowEngagement
FN:198,fetchLinkedInContentInfo
FN:203,(anonymous_9)
FN:217,fetchLinkedInEngagement
FN:230,(anonymous_11)
FN:246,simulateLinkedInEngagement
FN:268,fetchEngagementData
FNF:14
FNH:0
FNDA:0,fetchYouTubeContentInfo
FNDA:0,fetchYouTubeEngagement
FNDA:0,simulateYouTubeEngagement
FNDA:0,fetchServiceNowContentInfo
FNDA:0,(anonymous_4)
FNDA:0,fetchServiceNowEngagement
FNDA:0,(anonymous_6)
FNDA:0,simulateServiceNowEngagement
FNDA:0,fetchLinkedInContentInfo
FNDA:0,(anonymous_9)
FNDA:0,fetchLinkedInEngagement
FNDA:0,(anonymous_11)
FNDA:0,simulateLinkedInEngagement
FNDA:0,fetchEngagementData
DA:15,0
DA:17,0
DA:18,0
DA:22,0
DA:23,0
DA:25,0
DA:27,0
DA:28,0
DA:31,0
DA:33,0
DA:34,0
DA:37,0
DA:38,0
DA:41,0
DA:42,0
DA:43,0
DA:46,0
DA:59,0
DA:61,0
DA:62,0
DA:63,0
DA:66,0
DA:67,0
DA:70,0
DA:71,0
DA:72,0
DA:74,0
DA:75,0
DA:78,0
DA:81,0
DA:82,0
DA:83,0
DA:87,0
DA:89,0
DA:99,0
DA:100,0
DA:110,0
DA:111,0
DA:113,0
DA:132,0
DA:135,0
DA:138,0
DA:150,0
DA:152,0
DA:153,0
DA:154,0
DA:157,0
DA:159,0
DA:162,0
DA:165,0
DA:168,0
DA:169,0
DA:179,0
DA:180,0
DA:182,0
DA:200,0
DA:203,0
DA:206,0
DA:218,0
DA:220,0
DA:221,0
DA:222,0
DA:225,0
DA:227,0
DA:230,0
DA:233,0
DA:236,0
DA:237,0
DA:247,0
DA:248,0
DA:250,0
DA:269,0
DA:270,0
DA:272,0
DA:273,0
DA:277,0
DA:279,0
DA:280,0
DA:283,0
DA:285,0
DA:287,0
DA:288,0
DA:291,0
DA:292,0
DA:295,0
DA:296,0
DA:299,0
DA:308,0
DA:311,0
DA:322,0
DA:325,0
DA:329,0
DA:332,0
DA:334,0
LF:94
LH:0
BRDA:17,0,0,0
BRDA:17,0,1,0
BRDA:17,1,0,0
BRDA:17,1,1,0
BRDA:27,2,0,0
BRDA:27,2,1,0
BRDA:33,3,0,0
BRDA:33,3,1,0
BRDA:33,4,0,0
BRDA:33,4,1,0
BRDA:42,5,0,0
BRDA:42,5,1,0
BRDA:42,6,0,0
BRDA:42,6,1,0
BRDA:61,7,0,0
BRDA:61,7,1,0
BRDA:61,8,0,0
BRDA:61,8,1,0
BRDA:74,9,0,0
BRDA:74,9,1,0
BRDA:81,10,0,0
BRDA:81,10,1,0
BRDA:81,11,0,0
BRDA:81,11,1,0
BRDA:90,12,0,0
BRDA:90,12,1,0
BRDA:91,13,0,0
BRDA:91,13,1,0
BRDA:92,14,0,0
BRDA:92,14,1,0
BRDA:95,15,0,0
BRDA:95,15,1,0
BRDA:152,16,0,0
BRDA:152,16,1,0
BRDA:152,17,0,0
BRDA:152,17,1,0
BRDA:152,17,2,0
BRDA:220,18,0,0
BRDA:220,18,1,0
BRDA:220,19,0,0
BRDA:220,19,1,0
BRDA:220,19,2,0
BRDA:268,20,0,0
BRDA:270,21,0,0
BRDA:270,21,1,0
BRDA:272,22,0,0
BRDA:272,22,1,0
BRDA:285,23,0,0
BRDA:285,23,1,0
BRDA:285,23,2,0
BRDA:285,23,3,0
BRDA:308,24,0,0
BRDA:308,24,1,0
BRDA:318,25,0,0
BRDA:318,25,1,0
BRF:55
BRH:0
end_of_record
TN:
SF:js\modules\auth.js
FN:26,(anonymous_0)
FN:40,(anonymous_1)
FN:42,(anonymous_2)
FN:54,(anonymous_3)
FN:65,__resetUsersArray
FN:73,initAuth
FN:103,(anonymous_6)
FN:131,handleLogin
FN:189,(anonymous_8)
FN:224,(anonymous_9)
FN:272,handleRegister
FN:320,(anonymous_11)
FN:368,(anonymous_12)
FN:392,handleLogout
FN:417,hashPassword
FN:437,generateId
FN:444,showAuthScreen
FN:459,loginUser
FN:493,(anonymous_18)
FNF:19
FNH:12
FNDA:0,(anonymous_0)
FNDA:0,(anonymous_1)
FNDA:0,(anonymous_2)
FNDA:0,(anonymous_3)
FNDA:12,__resetUsersArray
FNDA:6,initAuth
FNDA:0,(anonymous_6)
FNDA:4,handleLogin
FNDA:1,(anonymous_8)
FNDA:1,(anonymous_9)
FNDA:3,handleRegister
FNDA:1,(anonymous_11)
FNDA:0,(anonymous_12)
FNDA:1,handleLogout
FNDA:7,hashPassword
FNDA:2,generateId
FNDA:7,showAuthScreen
FNDA:2,loginUser
FNDA:0,(anonymous_18)
DA:9,2
DA:12,2
DA:13,2
DA:26,2
DA:27,0
DA:28,0
DA:29,0
DA:34,0
DA:35,0
DA:40,2
DA:41,0
DA:42,0
DA:48,0
DA:49,0
DA:50,0
DA:51,0
DA:52,0
DA:53,0
DA:54,0
DA:55,0
DA:56,0
DA:57,0
DA:62,2
DA:66,12
DA:74,6
DA:75,6
DA:77,6
DA:79,6
DA:80,6
DA:81,6
DA:84,6
DA:85,1
DA:86,1
DA:93,1
DA:94,1
DA:95,1
DA:99,6
DA:100,6
DA:102,6
DA:103,0
DA:104,0
DA:105,0
DA:106,0
DA:107,0
DA:109,0
DA:114,6
DA:115,6
DA:117,6
DA:119,0
DA:120,0
DA:121,0
DA:122,0
DA:132,4
DA:133,4
DA:135,4
DA:137,4
DA:138,4
DA:139,4
DA:140,4
DA:141,4
DA:144,4
DA:145,0
DA:146,0
DA:149,4
DA:150,4
DA:151,4
DA:153,4
DA:156,4
DA:157,0
DA:158,0
DA:159,0
DA:162,4
DA:163,4
DA:164,0
DA:165,0
DA:166,0
DA:170,4
DA:171,0
DA:172,0
DA:173,0
DA:177,4
DA:178,0
DA:179,0
DA:180,0
DA:181,0
DA:185,4
DA:186,2
DA:189,2
DA:192,2
DA:193,1
DA:194,1
DA:201,1
DA:202,1
DA:206,2
DA:209,2
DA:210,2
DA:213,2
DA:214,0
DA:216,2
DA:219,2
DA:220,2
DA:224,2
DA:225,2
DA:227,2
DA:228,1
DA:229,1
DA:230,1
DA:231,1
DA:235,1
DA:236,1
DA:237,1
DA:238,1
DA:239,1
DA:240,1
DA:244,0
DA:245,0
DA:248,0
DA:249,0
DA:251,0
DA:254,0
DA:256,0
DA:257,0
DA:259,0
DA:260,0
DA:261,0
DA:262,0
DA:273,3
DA:274,3
DA:276,3
DA:278,3
DA:279,3
DA:280,3
DA:281,3
DA:282,3
DA:283,3
DA:286,3
DA:287,0
DA:288,0
DA:291,3
DA:292,3
DA:293,3
DA:294,3
DA:296,3
DA:299,3
DA:300,0
DA:301,0
DA:302,0
DA:306,3
DA:307,0
DA:308,0
DA:309,0
DA:312,3
DA:313,3
DA:314,0
DA:315,0
DA:316,0
DA:320,3
DA:321,1
DA:322,1
DA:323,1
DA:327,2
DA:328,0
DA:329,0
DA:330,0
DA:333,2
DA:334,0
DA:335,0
DA:336,0
DA:340,2
DA:341,1
DA:342,1
DA:343,1
DA:347,1
DA:356,1
DA:359,1
DA:362,1
DA:363,1
DA:364,1
DA:365,1
DA:368,1
DA:369,0
DA:370,0
DA:371,0
DA:375,1
DA:377,0
DA:378,0
DA:380,0
DA:381,0
DA:382,0
DA:383,0
DA:393,1
DA:395,1
DA:397,1
DA:400,1
DA:403,1
DA:405,1
DA:407,0
DA:408,0
DA:418,7
DA:420,6
DA:422,6
DA:423,1
DA:426,5
DA:428,0
DA:429,0
DA:438,2
DA:445,7
DA:446,7
DA:448,7
DA:449,7
DA:450,7
DA:460,2
DA:462,2
DA:464,2
DA:467,2
DA:468,2
DA:469,2
DA:471,2
DA:472,2
DA:473,2
DA:476,2
DA:477,2
DA:481,2
DA:483,2
DA:485,0
DA:486,0
DA:487,0
DA:492,2
DA:493,2
DA:494,0
DA:495,0
LF:231
LH:141
BRDA:12,0,0,2
BRDA:12,0,1,0
BRDA:26,1,0,0
BRDA:29,2,0,0
BRDA:29,2,1,0
BRDA:30,3,0,0
BRDA:30,3,1,0
BRDA:31,4,0,0
BRDA:31,4,1,0
BRDA:34,5,0,0
BRDA:34,5,1,0
BRDA:42,6,0,0
BRDA:42,6,1,0
BRDA:46,7,0,0
BRDA:46,7,1,0
BRDA:54,8,0,0
BRDA:54,8,1,0
BRDA:54,8,2,0
BRDA:56,9,0,0
BRDA:56,9,1,0
BRDA:84,10,0,1
BRDA:84,10,1,5
BRDA:100,11,0,6
BRDA:100,11,1,6
BRDA:102,12,0,0
BRDA:102,12,1,6
BRDA:104,13,0,0
BRDA:104,13,1,0
BRDA:144,14,0,0
BRDA:144,14,1,4
BRDA:144,15,0,4
BRDA:144,15,1,4
BRDA:144,15,2,4
BRDA:144,15,3,4
BRDA:151,16,0,4
BRDA:151,16,1,0
BRDA:156,17,0,0
BRDA:156,17,1,4
BRDA:163,18,0,0
BRDA:163,18,1,4
BRDA:170,19,0,0
BRDA:170,19,1,4
BRDA:177,20,0,0
BRDA:177,20,1,4
BRDA:177,21,0,4
BRDA:177,21,1,4
BRDA:185,22,0,2
BRDA:185,22,1,2
BRDA:185,23,0,4
BRDA:185,23,1,3
BRDA:192,24,0,1
BRDA:192,24,1,1
BRDA:213,25,0,0
BRDA:213,25,1,2
BRDA:225,26,0,1
BRDA:225,26,1,1
BRDA:227,27,0,1
BRDA:227,27,1,1
BRDA:236,28,0,1
BRDA:236,28,1,0
BRDA:248,29,0,0
BRDA:248,29,1,0
BRDA:260,30,0,0
BRDA:260,30,1,0
BRDA:286,31,0,0
BRDA:286,31,1,3
BRDA:286,32,0,3
BRDA:286,32,1,3
BRDA:286,32,2,3
BRDA:286,32,3,3
BRDA:286,32,4,3
BRDA:286,32,5,3
BRDA:299,33,0,0
BRDA:299,33,1,3
BRDA:306,34,0,0
BRDA:306,34,1,3
BRDA:313,35,0,0
BRDA:313,35,1,3
BRDA:320,36,0,1
BRDA:320,36,1,2
BRDA:327,37,0,0
BRDA:327,37,1,2
BRDA:333,38,0,0
BRDA:333,38,1,2
BRDA:340,39,0,1
BRDA:340,39,1,1
BRDA:370,40,0,0
BRDA:370,40,1,0
BRDA:381,41,0,0
BRDA:381,41,1,0
BRDA:418,42,0,1
BRDA:418,42,1,6
BRDA:422,43,0,1
BRDA:422,43,1,5
BRDA:422,44,0,6
BRDA:422,44,1,5
BRDA:448,45,0,7
BRDA:448,45,1,0
BRDA:448,46,0,7
BRDA:448,46,1,7
BRDA:471,47,0,2
BRDA:471,47,1,0
BRDA:471,48,0,2
BRDA:471,48,1,2
BRDA:476,49,0,2
BRDA:476,49,1,0
BRDA:492,50,0,2
BRDA:492,50,1,0
BRDA:492,51,0,2
BRDA:492,51,1,2
BRDA:495,52,0,0
BRDA:495,52,1,0
BRF:112
BRH:62
end_of_record
TN:
SF:js\modules\config.js
FNF:0
FNH:0
DA:6,1
DA:13,1
DA:20,1
DA:21,1
LF:4
LH:4
BRF:0
BRH:0
end_of_record
TN:
SF:js\modules\utils.js
FN:10,formatDate
FN:21,formatDateTime
FN:33,truncateText
FN:44,formatYouTubeDuration
FN:73,formatFileSize
FN:88,normalizeUrl
FN:113,extractContentId
FN:175,calculateWatchHours
FN:181,(anonymous_8)
FN:203,formatWatchHours
FN:218,seededRandom
FN:219,(anonymous_11)
FN:230,hashCode
FN:246,showNotification
FN:257,(anonymous_14)
FNF:15
FNH:0
FNDA:0,formatDate
FNDA:0,formatDateTime
FNDA:0,truncateText
FNDA:0,formatYouTubeDuration
FNDA:0,formatFileSize
FNDA:0,normalizeUrl
FNDA:0,extractContentId
FNDA:0,calculateWatchHours
FNDA:0,(anonymous_8)
FNDA:0,formatWatchHours
FNDA:0,seededRandom
FNDA:0,(anonymous_11)
FNDA:0,hashCode
FNDA:0,showNotification
FNDA:0,(anonymous_14)
DA:11,0
DA:12,0
DA:13,0
DA:22,0
DA:23,0
DA:24,0
DA:34,0
DA:35,0
DA:36,0
DA:45,0
DA:47,0
DA:48,0
DA:50,0
DA:51,0
DA:52,0
DA:54,0
DA:56,0
DA:57,0
DA:58,0
DA:60,0
DA:63,0
DA:65,0
DA:74,0
DA:75,0
DA:76,0
DA:77,0
DA:79,0
DA:89,0
DA:90,0
DA:92,0
DA:93,0
DA:94,0
DA:95,0
DA:96,0
DA:97,0
DA:99,0
DA:100,0
DA:103,0
DA:114,0
DA:115,0
DA:117,0
DA:121,0
DA:123,0
DA:126,0
DA:127,0
DA:131,0
DA:132,0
DA:136,0
DA:137,0
DA:141,0
DA:145,0
DA:150,0
DA:151,0
DA:152,0
DA:156,0
DA:159,0
DA:162,0
DA:164,0
DA:176,0
DA:178,0
DA:180,0
DA:181,0
DA:183,0
DA:185,0
DA:186,0
DA:188,0
DA:192,0
DA:195,0
DA:204,0
DA:205,0
DA:206,0
DA:207,0
DA:209,0
DA:219,0
DA:220,0
DA:221,0
DA:231,0
DA:232,0
DA:233,0
DA:234,0
DA:235,0
DA:237,0
DA:247,0
DA:248,0
DA:249,0
DA:254,0
DA:257,0
DA:258,0
LF:88
LH:0
BRDA:11,0,0,0
BRDA:11,0,1,0
BRDA:22,1,0,0
BRDA:22,1,1,0
BRDA:34,2,0,0
BRDA:34,2,1,0
BRDA:35,3,0,0
BRDA:35,3,1,0
BRDA:45,4,0,0
BRDA:45,4,1,0
BRDA:48,5,0,0
BRDA:48,5,1,0
BRDA:50,6,0,0
BRDA:50,6,1,0
BRDA:50,6,2,0
BRDA:51,7,0,0
BRDA:51,7,1,0
BRDA:51,7,2,0
BRDA:52,8,0,0
BRDA:52,8,1,0
BRDA:52,8,2,0
BRDA:56,9,0,0
BRDA:56,9,1,0
BRDA:74,10,0,0
BRDA:74,10,1,0
BRDA:76,11,0,0
BRDA:76,11,1,0
BRDA:117,12,0,0
BRDA:117,12,1,0
BRDA:117,12,2,0
BRDA:117,12,3,0
BRDA:123,13,0,0
BRDA:123,13,1,0
BRDA:126,14,0,0
BRDA:126,14,1,0
BRDA:131,15,0,0
BRDA:131,15,1,0
BRDA:136,16,0,0
BRDA:136,16,1,0
BRDA:151,17,0,0
BRDA:151,17,1,0
BRDA:151,18,0,0
BRDA:151,18,1,0
BRDA:176,19,0,0
BRDA:176,19,1,0
BRDA:180,20,0,0
BRDA:180,20,1,0
BRDA:183,21,0,0
BRDA:183,21,1,0
BRDA:186,22,0,0
BRDA:186,22,1,0
BRDA:204,23,0,0
BRDA:204,23,1,0
BRDA:206,24,0,0
BRDA:206,24,1,0
BRDA:246,25,0,0
BRDA:246,26,0,0
BRDA:250,27,0,0
BRDA:250,27,1,0
BRF:59
BRH:0
end_of_record
